============================================================
  Generated by:           Genus(TM) Synthesis Solution 20.11-s111_1
  Generated on:           Nov 08 2023  12:33:17 am
  Module:                 four_fft
  Operating conditions:   slow 
  Interconnect mode:      global
  Area mode:              physical library
============================================================

                              
   Gate    Instances   Area      Library   
-------------------------------------------
ADDFXL            45  307.800    gpdk045bc 
ADDHXL             4   19.152    gpdk045bc 
AND2X1             3    5.130    gpdk045bc 
AO21X1             2    4.788    gpdk045bc 
AOI211XL           1    2.052    gpdk045bc 
AOI21XL            8   13.680    gpdk045bc 
AOI2BB1X1          2    4.104    gpdk045bc 
INVX1             34   23.547    gpdk045bc 
MXI2XL             9   21.546    gpdk045bc 
NAND2BX1          13   18.117    gpdk045bc 
NAND2X1           11   11.474    gpdk045bc 
NOR2BX1            1    1.710    gpdk045bc 
NOR2BXL            1    1.710    gpdk045bc 
NOR2XL            11   11.286    gpdk045bc 
OA21X1             1    2.394    gpdk045bc 
OAI21XL           10   17.100    gpdk045bc 
OAI221X1           1    2.736    gpdk045bc 
OAI22XL            5   10.260    gpdk045bc 
OAI2BB1X1          5   10.260    gpdk045bc 
XNOR2X1           10   30.780    gpdk045bc 
XOR2X1             9   27.702    gpdk045bc 
-------------------------------------------
total            186  547.328              


                                        
     Type      Instances   Area  Area % 
----------------------------------------
inverter              34  23.547    4.3 
logic                152 523.782   95.7 
physical_cells         0   0.000    0.0 
----------------------------------------
total                186 547.328  100.0 

