============================================================
  Generated by:           Genus(TM) Synthesis Solution 20.11-s111_1
  Generated on:           Nov 08 2023  12:31:27 am
  Module:                 four_fft
  Operating conditions:   slow 
  Interconnect mode:      global
  Area mode:              physical library
============================================================

                              
   Gate    Instances   Area      Library   
-------------------------------------------
ADDFX1             1    6.840    gpdk045bc 
ADDFXL            10   68.400    gpdk045bc 
ADDHXL             3   14.364    gpdk045bc 
AND2X1             1    1.710    gpdk045bc 
AO21X1             1    2.394    gpdk045bc 
AOI21XL            3    5.130    gpdk045bc 
AOI22XL            1    2.394    gpdk045bc 
INVX1             17   11.773    gpdk045bc 
MXI2XL             2    4.788    gpdk045bc 
NAND2BX1           7    9.756    gpdk045bc 
NAND2X1            9    9.388    gpdk045bc 
NOR2BX1            2    3.420    gpdk045bc 
NOR2XL             6    6.156    gpdk045bc 
OA22X1             1    3.078    gpdk045bc 
OAI21XL           11   18.810    gpdk045bc 
OAI221X1           1    2.736    gpdk045bc 
OAI22XL            4    8.208    gpdk045bc 
OAI2BB1X1          3    6.156    gpdk045bc 
XNOR2X1            6   18.468    gpdk045bc 
XOR2X1            10   30.780    gpdk045bc 
-------------------------------------------
total             99  234.749              


                                        
     Type      Instances   Area  Area % 
----------------------------------------
inverter              17  11.773    5.0 
logic                 82 222.975   95.0 
physical_cells         0   0.000    0.0 
----------------------------------------
total                 99 234.749  100.0 

