============================================================
  Generated by:           Genus(TM) Synthesis Solution 20.11-s111_1
  Generated on:           Nov 07 2023  12:43:24 am
  Module:                 idif_fft_8
  Operating conditions:   _nominal_ (balanced_tree)
  Wireload mode:          enclosed
  Area mode:              timing library
============================================================


Path 1: MET (16501 ps) Setup Check with Pin outimag3_reg[5]/CLK->D
          Group: clk
     Startpoint: (F) ini7[1]
          Clock: (R) clk
       Endpoint: (R) outimag3_reg[5]/D
          Clock: (R) clk

                     Capture       Launch     
        Clock Edge:+   20000            0     
        Drv Adjust:+       0            0     
       Src Latency:+       0            0     
       Net Latency:+       0 (I)        0 (I) 
           Arrival:=   20000            0     
                                              
             Setup:-      65                  
       Uncertainty:-     200                  
     Required Time:=   19735                  
      Launch Clock:-       0                  
       Input Delay:-     300                  
         Data Path:-    2933                  
             Slack:=   16501                  

Exceptions/Constraints:
  input_delay             300             constraints.sdc_line_59_112_1 

#-----------------------------------------------------------------------------------------------------------------------
#                Timing Point                  Flags    Arc    Edge   Cell     Fanout Load Trans Delay Arrival Instance 
#                                                                                     (fF)  (ps)  (ps)   (ps)  Location 
#-----------------------------------------------------------------------------------------------------------------------
  ini7[1]                                      -       -       F     (arrival)      3  6.3     0     0     300    (-,-) 
  g27930/ZN                                    -       INP->ZN R     INVX0          2  5.3    41    22     322    (-,-) 
  g27827/QN                                    -       IN1->QN F     NAND2X1        2  3.3    38    27     349    (-,-) 
  g27747/ZN                                    -       INP->ZN R     INVX0          1  2.5    35    22     372    (-,-) 
  g27579__1705/QN                              -       IN1->QN F     NOR2X0         2  7.6    78    46     418    (-,-) 
  g27502__5477/Q                               -       IN1->Q  F     XOR2X1         1  3.1    38    75     493    (-,-) 
  g27340__3680/C1                              -       B0->C1  F     HADDX1         1  3.1    44    87     580    (-,-) 
  g27189__5107/C1                              -       B0->C1  F     HADDX1         1  3.1    44    89     669    (-,-) 
  g26964__6417/C1                              -       B0->C1  F     HADDX1         1  3.6    45    90     759    (-,-) 
  g26759__7098/C1                              -       A0->C1  F     HADDX1         1  3.6    45    96     855    (-,-) 
  g26568__9945/C1                              -       A0->C1  F     HADDX1         1  3.6    45    96     950    (-,-) 
  g26442__4319/C1                              -       A0->C1  F     HADDX1         1  3.6    45    96    1046    (-,-) 
  g26364__6131/SO                              -       A0->SO  F     HADDX1         4  9.2    53    87    1133    (-,-) 
  g26358__1705/QN                              -       IN1->QN R     NOR2X0         2  4.4    70    40    1172    (-,-) 
  g26336__5107/QN                              -       IN2->QN F     NOR2X0         2  6.4    74    57    1230    (-,-) 
  g26313__5115/Q                               -       IN1->Q  F     XOR2X1         6 52.7   182   162    1392    (-,-) 
  csa_tree_s34_sub_6_23_groupi_g689/ZN         -       INP->ZN R     INVX0          5 53.8   359   200    1592    (-,-) 
  csa_tree_s34_sub_6_23_groupi_cdnfadd_007_4/S -       B->S    F     FADDX1         1 10.8    71   154    1746    (-,-) 
  csa_tree_s34_sub_6_23_groupi_cdnfadd_007_6/S -       B->S    F     FADDX1         1  1.9    40   105    1851    (-,-) 
  csa_tree_s34_sub_6_23_groupi_g650/ZN         -       INP->ZN R     INVX0          2  3.1    39    25    1875    (-,-) 
  csa_tree_s34_sub_6_23_groupi_g646/Q          -       IN1->Q  R     AO22X1         2  2.6    38    81    1957    (-,-) 
  csa_tree_s34_sub_6_23_groupi_g643/QN         -       IN2->QN F     OAI222X1       1  7.6    45   159    2115    (-,-) 
  csa_tree_s34_sub_6_23_groupi_g642/CO         -       CI->CO  F     FADDX1         1  7.6    51    96    2211    (-,-) 
  csa_tree_s34_sub_6_23_groupi_g641/CO         -       CI->CO  F     FADDX1         1  7.6    51    97    2308    (-,-) 
  csa_tree_s34_sub_6_23_groupi_g640/S          -       CI->S   F     FADDX1         4 30.4   108   145    2453    (-,-) 
  csa_tree_s34_add_11_32_groupi_g410/S         -       CI->S   F     FADDX1         2  3.7    48   110    2563    (-,-) 
  csa_tree_s34_add_11_32_groupi_g405/Q         -       IN4->Q  F     OA22X1         1  2.0    30    64    2627    (-,-) 
  csa_tree_s34_add_11_32_groupi_g404/Q         -       IN3->Q  F     AO21X1         1  7.6    48    60    2687    (-,-) 
  csa_tree_s34_add_11_32_groupi_g403/CO        -       CI->CO  F     FADDX1         1  7.6    51    96    2783    (-,-) 
  csa_tree_s34_add_11_32_groupi_g402/CO        -       CI->CO  F     FADDX1         1  7.6    51    97    2880    (-,-) 
  csa_tree_s34_add_11_32_groupi_g401/CO        -       CI->CO  F     FADDX1         1  7.6    51    97    2977    (-,-) 
  csa_tree_s34_add_11_32_groupi_g400/CO        -       CI->CO  F     FADDX1         1  7.6    51    97    3074    (-,-) 
  csa_tree_s34_add_11_32_groupi_g399/CO        -       CI->CO  F     FADDX1         1  2.5    37    86    3160    (-,-) 
  csa_tree_s34_add_11_32_groupi_g398/Q         -       IN3->Q  R     XNOR3X1        1  1.5    48    73    3233    (-,-) 
  outimag3_reg[5]/D                            <<<     -       R     DFFARX1        1    -     -     0    3233    (-,-) 
#-----------------------------------------------------------------------------------------------------------------------

